2015-02-06 09:20:44 INFO Starting Run  ========================================
2015-02-06 09:20:45 INFO (Key shN count: 1) Requesting Routes...
2015-02-06 09:20:45 INFO (Key shN count: 1) Got 127 routes
2015-02-06 09:21:00 INFO (Key shN count: 2) Requesting Fixes by routes (53A,165,132,130,136,135,134,24,26,20)...
2015-02-06 09:21:00 INFO (Key shN count: 2) No data reported on the following routes: 132
2015-02-06 09:21:00 INFO (Key shN count: 2) No data reported on the following routes: 132,130
2015-02-06 09:21:00 INFO (Key shN count: 2) Number of vehicle fixes returned: 59
2015-02-06 09:21:00 INFO (Key shN count: 3) Requesting Fixes by routes (21,22,28,29,4,8,54B,119,54A,120)...
2015-02-06 09:21:01 INFO (Key shN count: 3) No data reported on the following route: 120
2015-02-06 09:21:01 INFO (Key shN count: 3) No data reported on the following route: 120
2015-02-06 09:21:01 INFO (Key shN count: 3) Number of vehicle fixes returned: 113
2015-02-06 09:21:01 INFO (Key shN count: 4) Requesting Fixes by routes (121,124,125,126,81W,59,55,54,57,56)...
2015-02-06 09:21:01 INFO (Key shN count: 4) Number of vehicle fixes returned: 64
2015-02-06 09:21:02 INFO (Key shN count: 5) Requesting Fixes by routes (51,50,49B,52,146,192,115,88,111,53)...
2015-02-06 09:21:02 INFO (Key shN count: 5) Number of vehicle fixes returned: 74
2015-02-06 09:21:02 INFO (Key shN count: 6) Requesting Fixes by routes (112,82,80,81,86,87,84,85,3,7)...
2015-02-06 09:21:02 INFO (Key shN count: 6) Number of vehicle fixes returned: 116
2015-02-06 09:21:03 INFO (Key shN count: 7) Requesting Fixes by routes (52A,108,148,103,100,106,39,201,30,37)...
2015-02-06 09:21:03 INFO (Key shN count: 7) Number of vehicle fixes returned: 43
2015-02-06 09:21:04 INFO (Key shN count: 8) Requesting Fixes by routes (36,35,34,60,62,63,65,66,67,68)...
2015-02-06 09:21:04 INFO (Key shN count: 8) Number of vehicle fixes returned: 112
2015-02-06 09:21:05 INFO (Key shN count: 9) Requesting Fixes by routes (172,171,170,63W,2,6,J14,85A,91,90)...
2015-02-06 09:21:05 INFO (Key shN count: 9) Number of vehicle fixes returned: 66
2015-02-06 09:21:05 INFO (Key shN count: 10) Requesting Fixes by routes (93,92,94,97,96,11,10,12,15,19)...
2015-02-06 09:21:05 INFO (Key shN count: 10) No data reported on the following routes: 10
2015-02-06 09:21:05 INFO (Key shN count: 10) No data reported on the following routes: 10,19
2015-02-06 09:21:05 INFO (Key shN count: 10) Number of vehicle fixes returned: 53
2015-02-06 09:21:06 INFO (Key shN count: 11) Requesting Fixes by routes (18,62H,151,8A,155,157,156,152,48,49)...
2015-02-06 09:21:06 INFO (Key shN count: 11) Number of vehicle fixes returned: 101
2015-02-06 09:21:06 INFO (Key shN count: 12) Requesting Fixes by routes (47,44,43,1,5,9,111A,147,205,143)...
2015-02-06 09:21:07 INFO (Key shN count: 12) No data reported on the following route: 5
2015-02-06 09:21:07 INFO (Key shN count: 12) No data reported on the following route: 5
2015-02-06 09:21:07 INFO (Key shN count: 12) Number of vehicle fixes returned: 75
2015-02-06 09:21:07 INFO (Key shN count: 13) Requesting Fixes by routes (206,95W,77,76,75,74,73,72,71,70)...
2015-02-06 09:21:07 INFO (Key shN count: 13) Number of vehicle fixes returned: 108
2015-02-06 09:21:08 INFO (Key shN count: 14) Requesting Fixes by routes (95E,79,78,X98,55N,55A,169)...
2015-02-06 09:21:08 INFO (Key shN count: 14) No data reported on the following routes: X98
2015-02-06 09:21:08 INFO (Key shN count: 14) No data reported on the following routes: X98,55A
2015-02-06 09:21:08 INFO (Key shN count: 14) No data reported on the following routes: X98,55A,169
2015-02-06 09:21:08 INFO (Key shN count: 14) Number of vehicle fixes returned: 42
2015-02-06 09:22:00 INFO (Key shN count: 15) Requesting Fixes by routes (53A,165,132,130,136,135,134,24,26,20)...
2015-02-06 09:22:00 INFO (Key shN count: 15) No data reported on the following routes: 132
2015-02-06 09:22:00 INFO (Key shN count: 15) No data reported on the following routes: 132,130
2015-02-06 09:22:00 INFO (Key shN count: 15) Number of vehicle fixes returned: 57
2015-02-06 09:22:00 INFO (Key shN count: 16) Requesting Fixes by routes (21,22,28,29,4,8,54B,119,54A,120)...
2015-02-06 09:22:01 INFO (Key shN count: 16) No data reported on the following route: 120
2015-02-06 09:22:01 INFO (Key shN count: 16) No data reported on the following route: 120
2015-02-06 09:22:01 INFO (Key shN count: 16) Number of vehicle fixes returned: 113
2015-02-06 09:22:01 INFO (Key shN count: 17) Requesting Fixes by routes (121,124,125,126,81W,59,55,54,57,56)...
2015-02-06 09:22:01 INFO (Key shN count: 17) Number of vehicle fixes returned: 63
2015-02-06 09:22:01 INFO (Key shN count: 18) Requesting Fixes by routes (51,50,49B,52,146,192,115,88,111,53)...
2015-02-06 09:22:01 INFO (Key shN count: 18) Number of vehicle fixes returned: 72
2015-02-06 09:22:02 INFO (Key shN count: 19) Requesting Fixes by routes (112,82,80,81,86,87,84,85,3,7)...
2015-02-06 09:22:02 INFO (Key shN count: 19) Number of vehicle fixes returned: 115
2015-02-06 09:22:02 INFO (Key shN count: 20) Requesting Fixes by routes (52A,108,148,103,100,106,39,201,30,37)...
2015-02-06 09:22:02 INFO (Key shN count: 20) Number of vehicle fixes returned: 43
2015-02-06 09:22:03 INFO (Key shN count: 21) Requesting Fixes by routes (36,35,34,60,62,63,65,66,67,68)...
2015-02-06 09:22:03 INFO (Key shN count: 21) Number of vehicle fixes returned: 111
2015-02-06 09:22:04 INFO (Key shN count: 22) Requesting Fixes by routes (172,171,170,63W,2,6,J14,85A,91,90)...
2015-02-06 09:22:04 INFO (Key shN count: 22) Number of vehicle fixes returned: 67
2015-02-06 09:22:04 INFO (Key shN count: 23) Requesting Fixes by routes (93,92,94,97,96,11,10,12,15,19)...
2015-02-06 09:22:04 INFO (Key shN count: 23) No data reported on the following routes: 10
2015-02-06 09:22:04 INFO (Key shN count: 23) No data reported on the following routes: 10,19
2015-02-06 09:22:04 INFO (Key shN count: 23) Number of vehicle fixes returned: 53
2015-02-06 09:22:05 INFO (Key shN count: 24) Requesting Fixes by routes (18,62H,151,8A,155,157,156,152,48,49)...
2015-02-06 09:22:05 INFO (Key shN count: 24) Number of vehicle fixes returned: 98
2015-02-06 09:22:05 INFO (Key shN count: 25) Requesting Fixes by routes (47,44,43,1,5,9,111A,147,205,143)...
2015-02-06 09:22:05 INFO (Key shN count: 25) No data reported on the following route: 5
2015-02-06 09:22:05 INFO (Key shN count: 25) No data reported on the following route: 5
2015-02-06 09:22:05 INFO (Key shN count: 25) Number of vehicle fixes returned: 74
2015-02-06 09:22:06 INFO (Key shN count: 26) Requesting Fixes by routes (206,95W,77,76,75,74,73,72,71,70)...
2015-02-06 09:22:06 INFO (Key shN count: 26) Number of vehicle fixes returned: 106
2015-02-06 09:22:06 INFO (Key shN count: 27) Requesting Fixes by routes (95E,79,78,X98,55N,55A,169)...
2015-02-06 09:22:06 INFO (Key shN count: 27) No data reported on the following routes: X98
2015-02-06 09:22:06 INFO (Key shN count: 27) No data reported on the following routes: X98,55A
2015-02-06 09:22:06 INFO (Key shN count: 27) No data reported on the following routes: X98,55A,169
2015-02-06 09:22:06 INFO (Key shN count: 27) Number of vehicle fixes returned: 42
2015-02-06 09:23:00 INFO (Key shN count: 28) Requesting Fixes by routes (53A,165,132,130,136,135,134,24,26,20)...
2015-02-06 09:23:00 INFO (Key shN count: 28) No data reported on the following routes: 132
2015-02-06 09:23:00 INFO (Key shN count: 28) No data reported on the following routes: 132,130
2015-02-06 09:23:00 INFO (Key shN count: 28) Number of vehicle fixes returned: 56
2015-02-06 09:23:00 INFO (Key shN count: 29) Requesting Fixes by routes (21,22,28,29,4,8,54B,119,54A,120)...
2015-02-06 09:23:01 INFO (Key shN count: 29) No data reported on the following route: 120
2015-02-06 09:23:01 INFO (Key shN count: 29) No data reported on the following route: 120
2015-02-06 09:23:01 INFO (Key shN count: 29) Number of vehicle fixes returned: 113
2015-02-06 09:23:01 INFO (Key shN count: 30) Requesting Fixes by routes (121,124,125,126,81W,59,55,54,57,56)...
2015-02-06 09:23:01 INFO (Key shN count: 30) Number of vehicle fixes returned: 63
2015-02-06 09:23:01 INFO (Key shN count: 31) Requesting Fixes by routes (51,50,49B,52,146,192,115,88,111,53)...
2015-02-06 09:23:02 INFO (Key shN count: 31) Number of vehicle fixes returned: 71
2015-02-06 09:23:02 INFO (Key shN count: 32) Requesting Fixes by routes (112,82,80,81,86,87,84,85,3,7)...
2015-02-06 09:23:02 INFO (Key shN count: 32) Number of vehicle fixes returned: 115
2015-02-06 09:23:03 INFO (Key shN count: 33) Requesting Fixes by routes (52A,108,148,103,100,106,39,201,30,37)...
2015-02-06 09:23:03 INFO (Key shN count: 33) No data reported on the following route: 108
2015-02-06 09:23:03 INFO (Key shN count: 33) No data reported on the following route: 108
2015-02-06 09:23:03 INFO (Key shN count: 33) Number of vehicle fixes returned: 41
2015-02-06 09:23:03 INFO (Key shN count: 34) Requesting Fixes by routes (36,35,34,60,62,63,65,66,67,68)...
2015-02-06 09:23:03 INFO (Key shN count: 34) Number of vehicle fixes returned: 112
2015-02-06 09:23:04 INFO (Key shN count: 35) Requesting Fixes by routes (172,171,170,63W,2,6,J14,85A,91,90)...
2015-02-06 09:23:04 INFO (Key shN count: 35) Number of vehicle fixes returned: 64
2015-02-06 09:23:04 INFO (Key shN count: 36) Requesting Fixes by routes (93,92,94,97,96,11,10,12,15,19)...
2015-02-06 09:23:04 INFO (Key shN count: 36) No data reported on the following routes: 10
2015-02-06 09:23:04 INFO (Key shN count: 36) No data reported on the following routes: 10,19
2015-02-06 09:23:04 INFO (Key shN count: 36) Number of vehicle fixes returned: 53
2015-02-06 09:23:05 INFO (Key shN count: 37) Requesting Fixes by routes (18,62H,151,8A,155,157,156,152,48,49)...
2015-02-06 09:23:05 INFO (Key shN count: 37) Number of vehicle fixes returned: 99
2015-02-06 09:23:05 INFO (Key shN count: 38) Requesting Fixes by routes (47,44,43,1,5,9,111A,147,205,143)...
2015-02-06 09:23:05 INFO (Key shN count: 38) No data reported on the following route: 5
2015-02-06 09:23:05 INFO (Key shN count: 38) No data reported on the following route: 5
2015-02-06 09:23:05 INFO (Key shN count: 38) Number of vehicle fixes returned: 74
2015-02-06 09:23:06 INFO (Key shN count: 39) Requesting Fixes by routes (206,95W,77,76,75,74,73,72,71,70)...
2015-02-06 09:23:06 INFO (Key shN count: 39) Number of vehicle fixes returned: 106
2015-02-06 09:23:06 INFO (Key shN count: 40) Requesting Fixes by routes (95E,79,78,X98,55N,55A,169)...
2015-02-06 09:23:06 INFO (Key shN count: 40) No data reported on the following routes: X98
2015-02-06 09:23:06 INFO (Key shN count: 40) No data reported on the following routes: X98,55A
2015-02-06 09:23:06 INFO (Key shN count: 40) No data reported on the following routes: X98,55A,169
2015-02-06 09:23:06 INFO (Key shN count: 40) Number of vehicle fixes returned: 42
2015-02-06 09:24:00 INFO (Key shN count: 41) Requesting Fixes by routes (53A,165,132,130,136,135,134,24,26,20)...
2015-02-06 09:24:00 INFO (Key shN count: 41) No data reported on the following routes: 132
2015-02-06 09:24:00 INFO (Key shN count: 41) No data reported on the following routes: 132,130
2015-02-06 09:24:00 INFO (Key shN count: 41) Number of vehicle fixes returned: 55
2015-02-06 09:24:00 INFO (Key shN count: 42) Requesting Fixes by routes (21,22,28,29,4,8,54B,119,54A,120)...
2015-02-06 09:24:01 INFO (Key shN count: 42) Number of vehicle fixes returned: 115
2015-02-06 09:24:01 INFO (Key shN count: 43) Requesting Fixes by routes (121,124,125,126,81W,59,55,54,57,56)...
2015-02-06 09:24:01 INFO (Key shN count: 43) Number of vehicle fixes returned: 62
2015-02-06 09:24:01 INFO (Key shN count: 44) Requesting Fixes by routes (51,50,49B,52,146,192,115,88,111,53)...
2015-02-06 09:24:02 INFO (Key shN count: 44) Number of vehicle fixes returned: 73
2015-02-06 09:24:02 INFO (Key shN count: 45) Requesting Fixes by routes (112,82,80,81,86,87,84,85,3,7)...
2015-02-06 09:24:02 INFO (Key shN count: 45) Number of vehicle fixes returned: 114
2015-02-06 09:24:03 INFO (Key shN count: 46) Requesting Fixes by routes (52A,108,148,103,100,106,39,201,30,37)...
2015-02-06 09:24:03 INFO (Key shN count: 46) No data reported on the following route: 108
2015-02-06 09:24:03 INFO (Key shN count: 46) No data reported on the following route: 108
2015-02-06 09:24:03 INFO (Key shN count: 46) Number of vehicle fixes returned: 41
2015-02-06 09:24:03 INFO (Key shN count: 47) Requesting Fixes by routes (36,35,34,60,62,63,65,66,67,68)...
2015-02-06 09:24:03 INFO (Key shN count: 47) Number of vehicle fixes returned: 111
2015-02-06 09:24:04 INFO (Key shN count: 48) Requesting Fixes by routes (172,171,170,63W,2,6,J14,85A,91,90)...
2015-02-06 09:24:04 INFO (Key shN count: 48) Number of vehicle fixes returned: 64
2015-02-06 09:24:04 INFO (Key shN count: 49) Requesting Fixes by routes (93,92,94,97,96,11,10,12,15,19)...
2015-02-06 09:24:04 INFO (Key shN count: 49) No data reported on the following routes: 10
2015-02-06 09:24:04 INFO (Key shN count: 49) No data reported on the following routes: 10,19
2015-02-06 09:24:04 INFO (Key shN count: 49) Number of vehicle fixes returned: 53
2015-02-06 09:24:04 INFO (Key shN count: 50) Requesting Fixes by routes (18,62H,151,8A,155,157,156,152,48,49)...
2015-02-06 09:24:05 INFO (Key shN count: 50) Number of vehicle fixes returned: 99
2015-02-06 09:24:05 INFO (Key shN count: 51) Requesting Fixes by routes (47,44,43,1,5,9,111A,147,205,143)...
2015-02-06 09:24:05 INFO (Key shN count: 51) No data reported on the following route: 5
2015-02-06 09:24:05 INFO (Key shN count: 51) No data reported on the following route: 5
2015-02-06 09:24:05 INFO (Key shN count: 51) Number of vehicle fixes returned: 74
2015-02-06 09:24:06 INFO (Key shN count: 52) Requesting Fixes by routes (206,95W,77,76,75,74,73,72,71,70)...
2015-02-06 09:24:06 INFO (Key shN count: 52) No data reported on the following route: 206
2015-02-06 09:24:06 INFO (Key shN count: 52) No data reported on the following route: 206
2015-02-06 09:24:06 INFO (Key shN count: 52) Number of vehicle fixes returned: 102
2015-02-06 09:24:06 INFO (Key shN count: 53) Requesting Fixes by routes (95E,79,78,X98,55N,55A,169)...
2015-02-06 09:24:06 INFO (Key shN count: 53) No data reported on the following routes: X98
2015-02-06 09:24:06 INFO (Key shN count: 53) No data reported on the following routes: X98,55A
2015-02-06 09:24:06 INFO (Key shN count: 53) Number of vehicle fixes returned: 43
2015-02-06 09:25:00 INFO (Key shN count: 54) Requesting Fixes by routes (53A,165,132,130,136,135,134,24,26,20)...
2015-02-06 09:25:00 INFO (Key shN count: 54) No data reported on the following routes: 132
2015-02-06 09:25:00 INFO (Key shN count: 54) No data reported on the following routes: 132,130
2015-02-06 09:25:00 INFO (Key shN count: 54) Number of vehicle fixes returned: 54
2015-02-06 09:25:00 INFO (Key shN count: 55) Requesting Fixes by routes (21,22,28,29,4,8,54B,119,54A,120)...
2015-02-06 09:25:01 INFO (Key shN count: 55) Number of vehicle fixes returned: 111
2015-02-06 09:25:01 INFO (Key shN count: 56) Requesting Fixes by routes (121,124,125,126,81W,59,55,54,57,56)...
2015-02-06 09:25:01 INFO (Key shN count: 56) Number of vehicle fixes returned: 62
2015-02-06 09:25:01 INFO (Key shN count: 57) Requesting Fixes by routes (51,50,49B,52,146,192,115,88,111,53)...
2015-02-06 09:25:02 INFO (Key shN count: 57) Number of vehicle fixes returned: 73
2015-02-06 09:25:02 INFO (Key shN count: 58) Requesting Fixes by routes (112,82,80,81,86,87,84,85,3,7)...
2015-02-06 09:25:02 INFO (Key shN count: 58) Number of vehicle fixes returned: 111
2015-02-06 09:25:02 INFO (Key shN count: 59) Requesting Fixes by routes (52A,108,148,103,100,106,39,201,30,37)...
2015-02-06 09:25:03 INFO (Key shN count: 59) No data reported on the following route: 108
2015-02-06 09:25:03 INFO (Key shN count: 59) No data reported on the following route: 108
2015-02-06 09:25:03 INFO (Key shN count: 59) Number of vehicle fixes returned: 41
2015-02-06 09:25:03 INFO (Key shN count: 60) Requesting Fixes by routes (36,35,34,60,62,63,65,66,67,68)...
2015-02-06 09:25:03 INFO (Key shN count: 60) Number of vehicle fixes returned: 110
2015-02-06 09:25:04 INFO (Key shN count: 61) Requesting Fixes by routes (172,171,170,63W,2,6,J14,85A,91,90)...
2015-02-06 09:25:04 INFO (Key shN count: 61) Number of vehicle fixes returned: 65
2015-02-06 09:25:04 INFO (Key shN count: 62) Requesting Fixes by routes (93,92,94,97,96,11,10,12,15,19)...
2015-02-06 09:25:04 INFO (Key shN count: 62) No data reported on the following routes: 10
2015-02-06 09:25:04 INFO (Key shN count: 62) No data reported on the following routes: 10,19
2015-02-06 09:25:04 INFO (Key shN count: 62) Number of vehicle fixes returned: 53
2015-02-06 09:25:05 INFO (Key shN count: 63) Requesting Fixes by routes (18,62H,151,8A,155,157,156,152,48,49)...
2015-02-06 09:25:05 INFO (Key shN count: 63) Number of vehicle fixes returned: 98
2015-02-06 09:25:05 INFO (Key shN count: 64) Requesting Fixes by routes (47,44,43,1,5,9,111A,147,205,143)...
2015-02-06 09:25:06 INFO (Key shN count: 64) No data reported on the following route: 5
2015-02-06 09:25:06 INFO (Key shN count: 64) No data reported on the following route: 5
2015-02-06 09:25:06 INFO (Key shN count: 64) Number of vehicle fixes returned: 73
2015-02-06 09:25:06 INFO (Key shN count: 65) Requesting Fixes by routes (206,95W,77,76,75,74,73,72,71,70)...
2015-02-06 09:25:06 INFO (Key shN count: 65) No data reported on the following route: 206
2015-02-06 09:25:06 INFO (Key shN count: 65) No data reported on the following route: 206
2015-02-06 09:25:06 INFO (Key shN count: 65) Number of vehicle fixes returned: 101
2015-02-06 09:25:07 INFO (Key shN count: 66) Requesting Fixes by routes (95E,79,78,X98,55N,55A,169)...
2015-02-06 09:25:07 INFO (Key shN count: 66) No data reported on the following routes: X98
2015-02-06 09:25:07 INFO (Key shN count: 66) No data reported on the following routes: X98,55A
2015-02-06 09:25:07 INFO (Key shN count: 66) No data reported on the following routes: X98,55A,169
2015-02-06 09:25:07 INFO (Key shN count: 66) Number of vehicle fixes returned: 42
2015-02-06 09:26:00 INFO (Key shN count: 67) Requesting Fixes by routes (53A,165,132,130,136,135,134,24,26,20)...
2015-02-06 09:26:00 INFO (Key shN count: 67) No data reported on the following routes: 132
2015-02-06 09:26:00 INFO (Key shN count: 67) No data reported on the following routes: 132,130
2015-02-06 09:26:00 INFO (Key shN count: 67) Number of vehicle fixes returned: 52
2015-02-06 09:26:00 INFO (Key shN count: 68) Requesting Fixes by routes (21,22,28,29,4,8,54B,119,54A,120)...
2015-02-06 09:26:01 INFO (Key shN count: 68) Number of vehicle fixes returned: 110
2015-02-06 09:26:01 INFO (Key shN count: 69) Requesting Fixes by routes (121,124,125,126,81W,59,55,54,57,56)...
2015-02-06 09:26:01 INFO (Key shN count: 69) Number of vehicle fixes returned: 60
2015-02-06 09:26:01 INFO (Key shN count: 70) Requesting Fixes by routes (51,50,49B,52,146,192,115,88,111,53)...
2015-02-06 09:26:01 INFO (Key shN count: 70) Number of vehicle fixes returned: 73
2015-02-06 09:26:02 INFO (Key shN count: 71) Requesting Fixes by routes (112,82,80,81,86,87,84,85,3,7)...
2015-02-06 09:26:02 INFO (Key shN count: 71) Number of vehicle fixes returned: 112
2015-02-06 09:26:02 INFO (Key shN count: 72) Requesting Fixes by routes (52A,108,148,103,100,106,39,201,30,37)...
2015-02-06 09:26:02 INFO (Key shN count: 72) No data reported on the following route: 108
2015-02-06 09:26:02 INFO (Key shN count: 72) No data reported on the following route: 108
2015-02-06 09:26:02 INFO (Key shN count: 72) Number of vehicle fixes returned: 40
2015-02-06 09:26:03 INFO (Key shN count: 73) Requesting Fixes by routes (36,35,34,60,62,63,65,66,67,68)...
2015-02-06 09:26:04 INFO (Key shN count: 73) Number of vehicle fixes returned: 107
2015-02-06 09:26:04 INFO (Key shN count: 74) Requesting Fixes by routes (172,171,170,63W,2,6,J14,85A,91,90)...
2015-02-06 09:26:04 INFO (Key shN count: 74) Number of vehicle fixes returned: 64
2015-02-06 09:26:05 INFO (Key shN count: 75) Requesting Fixes by routes (93,92,94,97,96,11,10,12,15,19)...
2015-02-06 09:26:05 INFO (Key shN count: 75) No data reported on the following routes: 10
2015-02-06 09:26:05 INFO (Key shN count: 75) No data reported on the following routes: 10,19
2015-02-06 09:26:05 INFO (Key shN count: 75) Number of vehicle fixes returned: 53
2015-02-06 09:26:05 INFO (Key shN count: 76) Requesting Fixes by routes (18,62H,151,8A,155,157,156,152,48,49)...
2015-02-06 09:26:05 INFO (Key shN count: 76) Number of vehicle fixes returned: 98
2015-02-06 09:26:06 INFO (Key shN count: 77) Requesting Fixes by routes (47,44,43,1,5,9,111A,147,205,143)...
2015-02-06 09:26:06 INFO (Key shN count: 77) No data reported on the following route: 5
2015-02-06 09:26:06 INFO (Key shN count: 77) No data reported on the following route: 5
2015-02-06 09:26:06 INFO (Key shN count: 77) Number of vehicle fixes returned: 73
2015-02-06 09:26:07 INFO (Key shN count: 78) Requesting Fixes by routes (206,95W,77,76,75,74,73,72,71,70)...
2015-02-06 09:26:07 INFO (Key shN count: 78) No data reported on the following route: 206
2015-02-06 09:26:07 INFO (Key shN count: 78) No data reported on the following route: 206
2015-02-06 09:26:07 INFO (Key shN count: 78) Number of vehicle fixes returned: 101
2015-02-06 09:26:07 INFO (Key shN count: 79) Requesting Fixes by routes (95E,79,78,X98,55N,55A,169)...
2015-02-06 09:26:07 INFO (Key shN count: 79) No data reported on the following routes: X98
2015-02-06 09:26:07 INFO (Key shN count: 79) No data reported on the following routes: X98,55A
2015-02-06 09:26:07 INFO (Key shN count: 79) No data reported on the following routes: X98,55A,169
2015-02-06 09:26:07 INFO (Key shN count: 79) Number of vehicle fixes returned: 41
